timestamp: 2016-12-04T13:42:29.666273
CREATE TABLE auth_user(
    id INTEGER PRIMARY KEY AUTOINCREMENT,
    first_name CHAR(128),
    last_name CHAR(128),
    email CHAR(512),
    password CHAR(512),
    registration_key CHAR(512),
    reset_password_key CHAR(512),
    registration_id CHAR(512),
    picture CHAR(512),
    gender CHAR(512)
);
success!
timestamp: 2016-12-04T13:42:29.844120
CREATE TABLE auth_group(
    id INTEGER PRIMARY KEY AUTOINCREMENT,
    role CHAR(512),
    description TEXT
);
success!
timestamp: 2016-12-04T13:42:29.959917
CREATE TABLE auth_membership(
    id INTEGER PRIMARY KEY AUTOINCREMENT,
    user_id INTEGER REFERENCES auth_user (id) ON DELETE CASCADE  ,
    group_id INTEGER REFERENCES auth_group (id) ON DELETE CASCADE  
);
success!
timestamp: 2016-12-04T13:42:30.052037
CREATE TABLE auth_permission(
    id INTEGER PRIMARY KEY AUTOINCREMENT,
    group_id INTEGER REFERENCES auth_group (id) ON DELETE CASCADE  ,
    name CHAR(512),
    table_name CHAR(512),
    record_id INTEGER
);
success!
timestamp: 2016-12-04T13:42:30.161068
CREATE TABLE auth_event(
    id INTEGER PRIMARY KEY AUTOINCREMENT,
    time_stamp TIMESTAMP,
    client_ip CHAR(512),
    user_id INTEGER REFERENCES auth_user (id) ON DELETE CASCADE  ,
    origin CHAR(512),
    description TEXT
);
success!
timestamp: 2016-12-04T13:42:30.263420
CREATE TABLE auth_cas(
    id INTEGER PRIMARY KEY AUTOINCREMENT,
    user_id INTEGER REFERENCES auth_user (id) ON DELETE CASCADE  ,
    created_on TIMESTAMP,
    service CHAR(512),
    ticket CHAR(512),
    renew CHAR(1)
);
success!
timestamp: 2016-12-04T13:42:30.377287
CREATE TABLE wheel(
    id INTEGER PRIMARY KEY AUTOINCREMENT,
    creator_id CHAR(512),
    name CHAR(512),
    description TEXT,
    creation_time TIMESTAMP,
    edited_time TIMESTAMP,
    phase CHAR(512),
    chosen_one INTEGER
);
success!
timestamp: 2016-12-04T13:42:30.544944
CREATE TABLE suggestion(
    id INTEGER PRIMARY KEY AUTOINCREMENT,
    wheel INTEGER REFERENCES wheel (id) ON DELETE CASCADE  ,
    creator_id CHAR(512),
    name CHAR(512),
    description TEXT,
    creation_time TIMESTAMP,
    update_time TIMESTAMP,
    point_value INTEGER
);
success!
timestamp: 2016-12-04T13:42:30.669398
CREATE TABLE vote(
    id INTEGER PRIMARY KEY AUTOINCREMENT,
    voter CHAR(512),
    points_allocated INTEGER,
    suggestion INTEGER REFERENCES suggestion (id) ON DELETE CASCADE  
);
success!
timestamp: 2016-12-04T13:42:30.794481
CREATE TABLE profile(
    id INTEGER PRIMARY KEY AUTOINCREMENT,
    profile_user CHAR(512),
    biography TEXT
);
success!
timestamp: 2016-12-04T14:33:26.563711
ALTER TABLE auth_user ADD bio TEXT;
success!
